[10/02/25 22:29:31] Joystick299 INITIATED_INSTALL NotTooExpensive from SPIGOTMC with ID 667f6430f8b39535d393c67d
[10/02/25 22:29:32] Joystick299 INSTALL NotTooExpensive from SPIGOTMC with ID 667f6430f8b39535d393c67d
[10/02/25 22:30:12] SYSTEM LOAD_PLUGINS Loaded 2 plugins from local cache
[10/02/25 22:31:41] SYSTEM LOAD_PLUGINS Loaded 2 plugins from local cache
[20/02/25 08:48:46] SYSTEM LOAD_PLUGINS Loaded 2 plugins from local cache
[01/03/25 20:42:56] SYSTEM LOAD_PLUGINS Loaded 2 plugins from local cache
[02/03/25 06:45:28] SYSTEM LOAD_PLUGINS Loaded 2 plugins from local cache
[03/04/25 01:52:43] SYSTEM LOAD_PLUGINS Loaded 2 plugins from local cache
[07/04/25 22:22:07] SYSTEM LOAD_PLUGINS Loaded 2 plugins from local cache
[27/06/25 20:34:42] SYSTEM LOAD_PLUGINS Loaded 2 plugins from local cache
[16/10/25 23:27:17] SYSTEM LOAD_PLUGINS Loaded 2 plugins from local cache
[16/10/25 23:32:49] SYSTEM LOAD_PLUGINS Loaded 2 plugins from local cache
[16/10/25 23:35:06] SYSTEM LOAD_PLUGINS Loaded 2 plugins from local cache
[18/10/25 01:17:47] SYSTEM LOAD_PLUGINS Loaded 2 plugins from local cache
[19/10/25 01:50:55] SYSTEM LOAD_PLUGINS Loaded 2 plugins from local cache
[21/10/25 07:08:57] SYSTEM LOAD_PLUGINS Loaded 2 plugins from local cache
[21/10/25 08:24:58] SYSTEM LOAD_PLUGINS Loaded 2 plugins from local cache
[21/10/25 18:28:47] SYSTEM LOAD_PLUGINS Loaded 2 plugins from local cache
[28/10/25 22:04:21] SYSTEM LOAD_PLUGINS Loaded 2 plugins from local cache
[13/11/25 20:50:34] SYSTEM LOAD_PLUGINS Loaded 2 plugins from local cache
[13/11/25 20:55:14] SYSTEM LOAD_PLUGINS Loaded 2 plugins from local cache
[14/11/25 19:20:56] SYSTEM LOAD_PLUGINS Loaded 2 plugins from local cache
[17/11/25 22:39:40] Joystick299 INITIATED_INSTALL InventoryWizard from MODRINTH with ID 6886476189366fc7e32d97b6
[17/11/25 22:39:40] Joystick299 INSTALL InventoryWizard from MODRINTH with ID 6886476189366fc7e32d97b6
[17/11/25 22:40:08] SYSTEM LOAD_PLUGINS Loaded 3 plugins from local cache
[17/11/25 22:43:00] Joystick299 INITIATED_INSTALL Quick Stacker from MODRINTH with ID 690d377e89366fc7e3364b5f
[17/11/25 22:43:00] Joystick299 INSTALL Quick Stacker from MODRINTH with ID 690d377e89366fc7e3364b5f
[17/11/25 22:43:12] Joystick299 DELETE InventoryWizard from MODRINTH with ID cU0ynk3p
[17/11/25 22:47:49] Joystick299 INITIATED_INSTALL AnvilColors from MODRINTH with ID 68a26e0e89366fc7e32f75f4
[17/11/25 22:47:49] Joystick299 INSTALL AnvilColors from MODRINTH with ID 68a26e0e89366fc7e32f75f4
[17/11/25 22:48:47] SYSTEM LOAD_PLUGINS Loaded 4 plugins from local cache
[18/11/25 16:18:48] Joystick299 INITIATED_INSTALL Dynmap from MODRINTH with ID 67d0b0070323724d4d5c5bed
[18/11/25 16:18:49] Joystick299 INSTALL Dynmap from MODRINTH with ID 67d0b0070323724d4d5c5bed
[18/11/25 16:19:31] SYSTEM LOAD_PLUGINS Loaded 5 plugins from local cache
[18/11/25 16:23:25] Joystick299 INITIATED_INSTALL BlueMap from MODRINTH with ID 67d0af040323724d4d5c5b30
[18/11/25 16:23:26] Joystick299 INSTALL BlueMap from MODRINTH with ID 67d0af040323724d4d5c5b30
[18/11/25 16:23:33] Joystick299 DELETE Dynmap from MODRINTH with ID fRQREgAc
[18/11/25 16:26:08] SYSTEM LOAD_PLUGINS Loaded 5 plugins from local cache
[18/11/25 16:28:05] SYSTEM LOAD_PLUGINS Loaded 5 plugins from local cache
[18/11/25 22:48:31] CONSOLE DELETE Quick Stacker from MODRINTH with ID Getb1twj
[18/11/25 22:48:44] CONSOLE DELETE NotTooExpensive from SPIGOTMC with ID 62680
[18/11/25 22:50:20] CONSOLE INITIATED_INSTALL Chunky from MODRINTH with ID 67d0ae800323724d4d5c5a9e
[18/11/25 22:50:20] CONSOLE INSTALL Chunky from MODRINTH with ID 67d0ae800323724d4d5c5a9e
[18/11/25 22:53:17] CONSOLE INITIATED_INSTALL Streamotes from MODRINTH with ID 6680c082faced3f4a9794b21
[18/11/25 22:53:18] CONSOLE INSTALL Streamotes from MODRINTH with ID 6680c082faced3f4a9794b21
[18/11/25 22:55:08] CONSOLE INITIATED_INSTALL SeeMore from MODRINTH with ID 6680c0a2faced3f4a9794bde
[18/11/25 22:55:08] CONSOLE INSTALL SeeMore from MODRINTH with ID 6680c0a2faced3f4a9794bde
[18/11/25 22:58:42] CONSOLE INITIATED_INSTALL SimplePlayTime from MODRINTH with ID 6680c2d4ca143464e0ec839c
[18/11/25 22:58:42] CONSOLE INSTALL SimplePlayTime from MODRINTH with ID 6680c2d4ca143464e0ec839c
[18/11/25 22:59:00] CONSOLE INITIATED_INSTALL AnarchyStats from MODRINTH with ID 6680c3931e8abd4aa3b02af2
[18/11/25 22:59:00] CONSOLE INSTALL AnarchyStats from MODRINTH with ID 6680c3931e8abd4aa3b02af2
[18/11/25 22:59:54] CONSOLE INITIATED_INSTALL Webcam from MODRINTH with ID 686d73237337ffd555d1291f
[18/11/25 22:59:55] CONSOLE INSTALL Webcam from MODRINTH with ID 686d73237337ffd555d1291f
[18/11/25 23:01:58] CONSOLE INITIATED_INSTALL TabListPing from MODRINTH with ID 6680c15ffaced3f4a9795034
[18/11/25 23:01:58] CONSOLE INSTALL TabListPing from MODRINTH with ID 6680c15ffaced3f4a9795034
[18/11/25 23:03:36] SYSTEM LOAD_PLUGINS Loaded 10 plugins from local cache
[18/11/25 23:08:26] SYSTEM LOAD_PLUGINS Loaded 10 plugins from local cache
[18/11/25 23:11:43] SYSTEM LOAD_PLUGINS Loaded 10 plugins from local cache
[18/11/25 23:44:25] SYSTEM LOAD_PLUGINS Loaded 10 plugins from local cache
[18/11/25 23:52:18] CONSOLE INITIATED_INSTALL Distant Horizons Support from MODRINTH with ID 68a11c3389366fc7e32f5d6a
[18/11/25 23:52:18] CONSOLE INSTALL Distant Horizons Support from MODRINTH with ID 68a11c3389366fc7e32f5d6a
[18/11/25 23:54:21] SYSTEM LOAD_PLUGINS Loaded 11 plugins from local cache
[18/11/25 23:57:39] SYSTEM LOAD_PLUGINS Loaded 11 plugins from local cache
[19/11/25 11:19:03] CONSOLE INITIATED_INSTALL LocalDiff from MODRINTH with ID 6748a93929f3384fd1750fe7
[19/11/25 11:19:04] CONSOLE INSTALL LocalDiff from MODRINTH with ID 6748a93929f3384fd1750fe7
[19/11/25 11:20:02] SYSTEM LOAD_PLUGINS Loaded 12 plugins from local cache
[19/11/25 11:28:10] CONSOLE INITIATED_INSTALL Day Counter from MODRINTH with ID 6680c128faced3f4a9794ef3
[19/11/25 11:28:10] CONSOLE INSTALL Day Counter from MODRINTH with ID 6680c128faced3f4a9794ef3
[19/11/25 11:28:43] SYSTEM LOAD_PLUGINS Loaded 13 plugins from local cache
[19/11/25 11:32:20] CONSOLE INITIATED_INSTALL Snowz Day Counter from MODRINTH with ID 6680c351ca143464e0ec848f
[19/11/25 11:32:21] CONSOLE INSTALL Snowz Day Counter from MODRINTH with ID 6680c351ca143464e0ec848f
[19/11/25 11:32:33] CONSOLE DELETE Day Counter from MODRINTH with ID DAhFhwDG
[19/11/25 11:33:09] SYSTEM LOAD_PLUGINS Loaded 13 plugins from local cache
[19/11/25 11:35:19] CONSOLE DELETE LocalDiff from MODRINTH with ID jIV0Ji4B
[19/11/25 11:36:18] CONSOLE INITIATED_INSTALL TDR Playtime from MODRINTH with ID 6680c2884ab20df0504e9534
[19/11/25 11:36:18] CONSOLE INSTALL TDR Playtime from MODRINTH with ID 6680c2884ab20df0504e9534
[19/11/25 11:36:24] CONSOLE DELETE SimplePlayTime from MODRINTH with ID Z84sevGO
[19/11/25 11:37:14] SYSTEM LOAD_PLUGINS Loaded 12 plugins from local cache
[19/11/25 11:39:16] SYSTEM LOAD_PLUGINS Loaded 12 plugins from local cache
[19/11/25 14:31:46] SYSTEM LOAD_PLUGINS Loaded 12 plugins from local cache
[19/11/25 14:54:42] SYSTEM LOAD_PLUGINS Loaded 12 plugins from local cache
[19/11/25 17:17:02] CONSOLE DELETE Webcam from MODRINTH with ID KLTWlg59
[19/11/25 17:19:04] SYSTEM LOAD_PLUGINS Loaded 11 plugins from local cache
[19/11/25 17:22:26] CONSOLE DELETE Chunky from MODRINTH with ID fALzjamp
[19/11/25 17:22:38] CONSOLE DELETE Streamotes from MODRINTH with ID IAJz3K09
[19/11/25 17:23:14] SYSTEM LOAD_PLUGINS Loaded 9 plugins from local cache
[19/11/25 17:24:16] CONSOLE DELETE TabListPing from MODRINTH with ID MwLGimob
[19/11/25 17:24:25] CONSOLE INITIATED_INSTALL TabTPS from MODRINTH with ID 67d0af8e0323724d4d5c5b91
[19/11/25 17:24:25] CONSOLE INSTALL TabTPS from MODRINTH with ID 67d0af8e0323724d4d5c5b91
[19/11/25 17:24:46] CONSOLE DELETE SeeMore from MODRINTH with ID IEt1Yy3F
[19/11/25 17:25:00] CONSOLE DELETE AnarchyStats from MODRINTH with ID Z04RmeT7
[19/11/25 17:25:40] SYSTEM LOAD_PLUGINS Loaded 7 plugins from local cache
[19/11/25 17:28:12] SYSTEM LOAD_PLUGINS Loaded 7 plugins from local cache
[19/11/25 17:29:12] CONSOLE DELETE Distant Horizons Support from MODRINTH with ID IjY7seTG
[19/11/25 17:29:50] SYSTEM LOAD_PLUGINS Loaded 6 plugins from local cache
[19/11/25 17:33:47] CONSOLE INITIATED_INSTALL Chunky from MODRINTH with ID 67d0ae800323724d4d5c5a9e
[19/11/25 17:33:47] CONSOLE INSTALL Chunky from MODRINTH with ID 67d0ae800323724d4d5c5a9e
[19/11/25 17:34:25] SYSTEM LOAD_PLUGINS Loaded 7 plugins from local cache
[19/11/25 17:36:47] CONSOLE DELETE Chunky from MODRINTH with ID fALzjamp
[19/11/25 17:37:04] CONSOLE INITIATED_INSTALL Distant Horizons Support from MODRINTH with ID 68a11c3389366fc7e32f5d6a
[19/11/25 17:37:04] CONSOLE INSTALL Distant Horizons Support from MODRINTH with ID 68a11c3389366fc7e32f5d6a
[19/11/25 17:37:35] SYSTEM LOAD_PLUGINS Loaded 7 plugins from local cache
[19/11/25 17:40:01] CONSOLE DELETE Distant Horizons Support from MODRINTH with ID IjY7seTG
[19/11/25 17:40:41] SYSTEM LOAD_PLUGINS Loaded 6 plugins from local cache
[19/11/25 17:43:32] CONSOLE INITIATED_INSTALL ClickHarvest from MODRINTH with ID 6680c0cdfaced3f4a9794cda
[19/11/25 17:43:32] CONSOLE INSTALL ClickHarvest from MODRINTH with ID 6680c0cdfaced3f4a9794cda
[19/11/25 17:43:59] CONSOLE INITIATED_INSTALL ToolStats from MODRINTH with ID 6680c0a6faced3f4a9794bf3
[19/11/25 17:43:59] CONSOLE INSTALL ToolStats from MODRINTH with ID 6680c0a6faced3f4a9794bf3
[19/11/25 17:44:18] CONSOLE INITIATED_INSTALL ViaVersion from MODRINTH with ID 67d0ae2a0323724d4d5c5a18
[19/11/25 17:44:18] CONSOLE INSTALL ViaVersion from MODRINTH with ID 67d0ae2a0323724d4d5c5a18
[19/11/25 17:44:36] CONSOLE INITIATED_INSTALL ViaVersionStatus from MODRINTH with ID 6680c2374ab20df0504e9498
[19/11/25 17:44:36] CONSOLE INSTALL ViaVersionStatus from MODRINTH with ID 6680c2374ab20df0504e9498
[19/11/25 17:46:56] SYSTEM LOAD_PLUGINS Loaded 10 plugins from local cache
[19/11/25 17:48:12] CONSOLE INITIATED_INSTALL LuckPerms from MODRINTH with ID 67d0ae3f0323724d4d5c5a49
[19/11/25 17:48:12] CONSOLE INSTALL LuckPerms from MODRINTH with ID 67d0ae3f0323724d4d5c5a49
[19/11/25 17:49:33] SYSTEM LOAD_PLUGINS Loaded 11 plugins from local cache
[19/11/25 18:16:28] CONSOLE INITIATED_INSTALL Chunky from MODRINTH with ID 67d0ae800323724d4d5c5a9e
[19/11/25 18:16:28] CONSOLE INSTALL Chunky from MODRINTH with ID 67d0ae800323724d4d5c5a9e
[19/11/25 18:17:01] SYSTEM LOAD_PLUGINS Loaded 12 plugins from local cache
[19/01/26 13:44:32] SYSTEM LOAD_PLUGINS Loaded 12 plugins from local cache
[19/01/26 13:54:04] SYSTEM LOAD_PLUGINS Loaded 12 plugins from local cache
[19/01/26 14:03:26] SYSTEM LOAD_PLUGINS Loaded 12 plugins from local cache
[19/01/26 21:41:23] SYSTEM LOAD_PLUGINS Loaded 12 plugins from local cache
[03/05/26 22:19:44] SYSTEM LOAD_PLUGINS Loaded 12 plugins from local cache
[11/05/26 14:39:21] SYSTEM LOAD_PLUGINS Loaded 12 plugins from local cache
[06/06/26 13:34:25] SYSTEM LOAD_PLUGINS Loaded 12 plugins from local cache
[06/06/26 18:36:07] SYSTEM LOAD_PLUGINS Loaded 12 plugins from local cache
[06/06/26 20:36:16] SYSTEM LOAD_PLUGINS Loaded 12 plugins from local cache
