[20:35:53] [ServerMain/INFO]: [bootstrap] Running Java 21 (OpenJDK 64-Bit Server VM 21.0.8+9-LTS; Eclipse Adoptium Temurin-21.0.8+9) on Linux 6.8.12-16-pve (amd64)
[20:35:53] [ServerMain/INFO]: [bootstrap] Loading Paper 1.21.10-76-main@81b7a57 (2025-10-16T13:42:14Z) for Minecraft 1.21.10
[20:35:53] [ServerMain/INFO]: [PluginInitializerManager] Initializing plugins...
[20:35:54] [ServerMain/INFO]: [PluginInitializerManager] Initialized 12 plugins
[20:35:54] [ServerMain/INFO]: [PluginInitializerManager] Bukkit plugins (12):
 - AnvilColors (1.1), BlueMap (5.13), Chunky (1.4.40), ClickHarvest (1.4.30), LuckPerms (5.5.17), PluginPortal (2.0.4), Snowz_DayCounter (1.0), TDRPlaytime (1.14.0), TabTPS (1.3.29), ToolStats (1.9.10), ViaVersion (5.4.1), ViaVersionStatus (3.13)
[20:35:58] [ServerMain/INFO]: Environment: Environment[sessionHost=https://sessionserver.mojang.com, servicesHost=https://api.minecraftservices.com, profilesHost=https://api.mojang.com, name=PROD]
[20:35:58] [ServerMain/INFO]: [ca.spottedleaf.dataconverter.minecraft.datatypes.MCTypeRegistry] Initialising converters for DataConverter...
[20:35:58] [ServerMain/INFO]: [ca.spottedleaf.dataconverter.minecraft.datatypes.MCTypeRegistry] Finished initialising converters for DataConverter in 339.6ms
[20:36:00] [ServerMain/INFO]: Loaded 1461 recipes
[20:36:00] [ServerMain/INFO]: Loaded 1574 advancements
[20:36:00] [Server thread/INFO]: Starting minecraft server version 1.21.10
[20:36:00] [Server thread/INFO]: Loading properties
[20:36:00] [Server thread/INFO]: This server is running Paper version 1.21.10-76-main@81b7a57 (2025-10-16T13:42:14Z) (Implementing API version 1.21.10-R0.1-SNAPSHOT)
[20:36:00] [Server thread/INFO]: [spark] This server bundles the spark profiler. For more information please visit https://docs.papermc.io/paper/profiling
[20:36:00] [Server thread/INFO]: Server Ping Player Sample Count: 12
[20:36:00] [Server thread/INFO]: Using 4 threads for Netty based IO
[20:36:01] [Server thread/INFO]: [MoonriseCommon] Paper is using 2 worker threads, 1 I/O threads
[20:36:01] [Server thread/INFO]: Default game type: SURVIVAL
[20:36:01] [Server thread/INFO]: Generating keypair
[20:36:01] [Server thread/INFO]: Starting Minecraft server on *:25565
[20:36:01] [Server thread/INFO]: Using epoll channel type
[20:36:01] [Server thread/INFO]: Paper: Using libdeflate (Linux x86_64) compression from Velocity.
[20:36:01] [Server thread/INFO]: Paper: Using OpenSSL 3.x.x (Linux x86_64) cipher from Velocity.
[20:36:02] [Server thread/WARN]: [org.bukkit.craftbukkit.legacy.CraftLegacy] Initializing Legacy Material Support. Unless you have legacy plugins and/or data this is a bug!
[20:36:12] [Server thread/WARN]: Legacy plugin TDRPlaytime v1.14.0 does not specify an api-version.
[20:36:12] [Server thread/INFO]: [ViaVersion] Loading server plugin ViaVersion v5.4.1
[20:36:12] [Server thread/INFO]: [ViaVersion] ViaVersion 5.4.1 is now loaded. Registering protocol transformers and injecting...
[20:36:12] [Via-Mappingloader-0/INFO]: [ViaVersion] Loading block connection mappings ...
[20:36:13] [Via-Mappingloader-0/INFO]: [ViaVersion] Using FastUtil Long2ObjectOpenHashMap for block connections
[20:36:13] [Server thread/INFO]: [BlueMap] Loading server plugin BlueMap v5.13
[20:36:13] [Server thread/INFO]: [LuckPerms] Loading server plugin LuckPerms v5.5.17
[20:36:13] [Server thread/INFO]: [LuckPerms] Loading configuration...
[20:36:13] [Server thread/INFO]: [TDRPlaytime] Loading server plugin TDRPlaytime v1.14.0
[20:36:13] [Server thread/INFO]: [TDRPlaytime] [STDOUT] Loading dependencies
[20:36:13] [Server thread/WARN]: Nag author(s): '[TheDutchRuben]' of 'TDRPlaytime v1.14.0' about their usage of System.out/err.print. Please use your plugin's logger instead (JavaPlugin#getLogger).
[20:36:13] [Server thread/INFO]: [ViaVersionStatus] Loading server plugin ViaVersionStatus v3.13
[20:36:13] [Server thread/INFO]: [ToolStats] Loading server plugin ToolStats v1.9.10
[20:36:13] [Server thread/INFO]: [PluginPortal] Loading server plugin PluginPortal v2.0.4
[20:36:13] [Server thread/INFO]: [ClickHarvest] Loading server plugin ClickHarvest v1.4.30
[20:36:13] [Server thread/INFO]: [TabTPS] Loading server plugin TabTPS v1.3.29
[20:36:13] [Server thread/INFO]: [Chunky] Loading server plugin Chunky v1.4.40
[20:36:13] [Server thread/INFO]: [AnvilColors] Loading server plugin AnvilColors v1.1
[20:36:13] [Server thread/INFO]: [Snowz_DayCounter] Loading server plugin Snowz_DayCounter v1.0
[20:36:13] [Server thread/INFO]: Server permissions file permissions.yml is empty, ignoring it
[20:36:13] [Server thread/INFO]: [LuckPerms] Enabling LuckPerms v5.5.17
[20:36:14] [Server thread/INFO]:         __    
[20:36:14] [Server thread/INFO]:   |    |__)   LuckPerms v5.5.17
[20:36:14] [Server thread/INFO]:   |___ |      Running on Bukkit - Paper
[20:36:14] [Server thread/INFO]: 
[20:36:14] [Server thread/INFO]: [LuckPerms] Loading storage provider... [H2]
[20:36:14] [Server thread/INFO]: [LuckPerms] Loading internal permission managers...
[20:36:14] [Server thread/INFO]: [LuckPerms] Performing initial data load...
[20:36:14] [Server thread/INFO]: [LuckPerms] Successfully enabled. (took 1018ms)
[20:36:14] [Server thread/INFO]: [ClickHarvest] Enabling ClickHarvest v1.4.30
[20:36:14] [Server thread/INFO]: Preparing level "paradise"
[20:36:15] [Server thread/INFO]: Loading 0 persistent chunks for world 'minecraft:overworld'...
[20:36:15] [Server thread/INFO]: Prepared spawn area in 1 ms
[20:36:15] [Server thread/INFO]: Loading 0 persistent chunks for world 'minecraft:the_nether'...
[20:36:15] [Server thread/INFO]: Prepared spawn area in 0 ms
[20:36:15] [Server thread/INFO]: Loading 0 persistent chunks for world 'minecraft:the_end'...
[20:36:15] [Server thread/INFO]: Prepared spawn area in 0 ms
[20:36:15] [Server thread/INFO]: Done preparing level "paradise" (0.497s)
[20:36:15] [Server thread/INFO]: [ViaVersion] Enabling ViaVersion v5.4.1
[20:36:15] [Server thread/ERROR]: [ViaVersion] Server version has not been loaded yet, cannot register additional listeners
[20:36:15] [Server thread/INFO]: [BlueMap] Enabling BlueMap v5.13
[20:36:15] [Server thread/INFO]: [BlueMap] Saving all worlds once, to make sure the level.dat is present...
[20:36:15] [Server thread/WARN]: A manual (plugin-induced) save has been detected while server is configured to auto-save. This may affect performance.
[20:36:15] [Server thread/INFO]: [TDRPlaytime] Enabling TDRPlaytime v1.14.0*
[20:36:15] [Server thread/INFO]: [TDRPlaytime] Loading milestones
[20:36:15] [Server thread/INFO]: [TDRPlaytime] Loading repeating milestones
[20:36:15] [Server thread/INFO]: [ViaVersionStatus] Enabling ViaVersionStatus v3.13
[20:36:15] [Server thread/INFO]: [ViaVersionStatus] Using ViaVersion to determine versions.
[20:36:15] [Server thread/INFO]: [ViaVersionStatus] Metrics enabled if allowed by plugins/bStats/config.yml
[20:36:15] [Server thread/INFO]: [ToolStats] Enabling ToolStats v1.9.10
[20:36:15] [Server thread/INFO]: [PluginPortal] Enabling PluginPortal v2.0.4
[20:36:15] [Server thread/WARN]: [PluginPortal] "PluginPortal v2.0.4" has registered a listener for com.destroystokyo.paper.event.brigadier.CommandRegisteredEvent on method "public void revxrsal.commands.bukkit.brigadier.PaperCommodore$CommandRegisterListener.onCommandRegistered(com.destroystokyo.paper.event.brigadier.CommandRegisteredEvent<?>)", but the event is Deprecated. "This event has been superseded by the Commands API and will be removed in a future release. Listen to LifecycleEvents.COMMANDS instead."; please notify the authors [Flyte].
[20:36:16] [Server thread/INFO]: [PluginPortal] SYSTEM LOAD_PLUGINS Loaded 12 plugins from local cache
[20:36:16] [Server thread/INFO]: [TabTPS] Enabling TabTPS v1.3.29
[20:36:17] [Folia Async Scheduler Thread #0/ERROR]: [ToolStats] JSONArray request failed to https://api.github.com/repos/hyperdefined/ToolStats/releases, returned HTTP code 404
[20:36:17] [Folia Async Scheduler Thread #0/ERROR]: [ToolStats] Unable to fetch plugin information from https://api.github.com/repos/hyperdefined/ToolStats/releases
[20:36:17] [Folia Async Scheduler Thread #0/WARN]: [ToolStats] Plugin version is not on GitHub!
[20:36:17] [Server thread/INFO]: [Chunky] Enabling Chunky v1.4.40
[20:36:17] [Server thread/INFO]: [AnvilColors] Enabling AnvilColors v1.1
[20:36:17] [Server thread/INFO]: [AnvilColors] 
AnvilColors v1.1
Created by [Primimity]
Need a custom plugin? Discord me @primimity

[20:36:17] [Server thread/INFO]: [Snowz_DayCounter] Enabling Snowz_DayCounter v1.0
[20:36:17] [Server thread/INFO]: [spark] Starting background profiler...
[20:36:17] [Server thread/INFO]: Starting GS4 status listener
[20:36:17] [Server thread/INFO]: Thread Query Listener started
[20:36:17] [Query Listener #1/INFO]: Query running on 0.0.0.0:25592
[20:36:17] [Server thread/INFO]: Running delayed init tasks
[20:36:17] [Server thread/INFO]: Done (24.994s)! For help, type "help"
[20:36:17] [Craft Scheduler Thread - 1 - BlueMap/INFO]: [BlueMap] Loading...
[20:36:17] [Craft Scheduler Thread - 2 - ViaVersion/INFO]: [ViaVersion] Finished mapping loading, shutting down loader executor.
[20:36:17] [Server thread/WARN]: [ViaVersion] There is a newer plugin version available: 5.9.1, you're on: 5.4.1
[20:36:18] [Craft Scheduler Thread - 5 - TabTPS/INFO]: [TabTPS] There is an update available for TabTPS!
[20:36:18] [Craft Scheduler Thread - 5 - TabTPS/INFO]: [TabTPS] This server is running version v1.3.29, which is 2 versions outdated.
[20:36:18] [Craft Scheduler Thread - 5 - TabTPS/INFO]: [TabTPS] Download the latest version, v1.3.31 from Modrinth at the link below:
[20:36:18] [Craft Scheduler Thread - 5 - TabTPS/INFO]: [TabTPS] https://modrinth.com/plugin/tabtps
[20:36:18] [Craft Scheduler Thread - 1 - BlueMap/INFO]: [BlueMap] Loading resources...
[20:36:20] [Craft Scheduler Thread - 1 - BlueMap/INFO]: [BlueMap] Resources loaded.
[20:36:20] [Craft Scheduler Thread - 1 - BlueMap/INFO]: [BlueMap] Initializing Storage: 'file' (Type: 'bluemap:file')
[20:36:20] [Craft Scheduler Thread - 1 - BlueMap/INFO]: [BlueMap] Loading map 'paradise_nether'...
[20:36:20] [Craft Scheduler Thread - 1 - BlueMap/INFO]: [BlueMap] Loading map 'paradise_the_end'...
[20:36:20] [Craft Scheduler Thread - 1 - BlueMap/INFO]: [BlueMap] Loading map 'paradise'...
[20:36:20] [Craft Scheduler Thread - 1 - BlueMap/INFO]: [BlueMap] WebServer bound to all network interfaces on port 8100
[20:36:20] [Thread-15/INFO]: [BlueMap] WebServer started.
[20:36:20] [Craft Scheduler Thread - 1 - BlueMap/INFO]: [BlueMap] Loaded!
[20:36:22] [Server thread/INFO]: [ViaVersionStatus] ViaVersion supported protocols:
[20:36:22] [Server thread/INFO]: [ViaVersionStatus] Unknown (773)(773)
[20:36:55] [Server thread/INFO]: Stopping the server
[20:36:55] [Server thread/INFO]: Stopping server
[20:36:55] [Server thread/INFO]: [Snowz_DayCounter] Disabling Snowz_DayCounter v1.0
[20:36:55] [Server thread/INFO]: [AnvilColors] Disabling AnvilColors v1.1
[20:36:55] [Server thread/INFO]: [Chunky] Disabling Chunky v1.4.40
[20:36:55] [Server thread/INFO]: [TabTPS] Disabling TabTPS v1.3.29
[20:36:55] [Server thread/INFO]: [ClickHarvest] Disabling ClickHarvest v1.4.30
[20:36:55] [Server thread/INFO]: [PluginPortal] Disabling PluginPortal v2.0.4
[20:36:55] [Server thread/INFO]: [ToolStats] Disabling ToolStats v1.9.10
[20:36:55] [Server thread/INFO]: [ViaVersionStatus] Disabling ViaVersionStatus v3.13
[20:36:55] [Server thread/INFO]: [TDRPlaytime] Disabling TDRPlaytime v1.14.0
[20:36:55] [Server thread/INFO]: [LuckPerms] Disabling LuckPerms v5.5.17
[20:36:55] [Server thread/INFO]: [LuckPerms] Starting shutdown process...
[20:36:55] [Server thread/INFO]: [LuckPerms] Closing storage...
[20:36:55] [Server thread/INFO]: [LuckPerms] Goodbye!
[20:36:55] [Server thread/INFO]: [BlueMap] Disabling BlueMap v5.13
[20:36:55] [Server thread/INFO]: [BlueMap] Stopping...
[20:36:55] [Server thread/INFO]: [BlueMap] Saved and stopped!
[20:36:55] [Server thread/INFO]: [ViaVersion] Disabling ViaVersion v5.4.1
[20:36:55] [Server thread/INFO]: [ViaVersion] ViaVersion has been disabled; uninjected the platform and shut down the scheduler.
[20:36:55] [Server thread/INFO]: Saving players
[20:36:55] [Server thread/INFO]: Saving worlds
[20:36:55] [Server thread/INFO]: Saving chunks for level 'ServerLevel[paradise]'/minecraft:overworld
[20:36:55] [Server thread/INFO]: [ChunkHolderManager] Waiting 60s for chunk system to halt for world 'paradise'
[20:36:55] [Server thread/INFO]: [ChunkHolderManager] Halted chunk system for world 'paradise'
[20:36:55] [Server thread/INFO]: [ChunkHolderManager] Saving all chunkholders for world 'paradise'
[20:36:55] [Server thread/INFO]: [ChunkHolderManager] Saved 0 block chunks, 0 entity chunks, 0 poi chunks in world 'paradise' in 0.00s
[20:36:55] [Server thread/INFO]: [ChunkHolderManager] Waiting 60s for chunk I/O to halt for world 'paradise'
[20:36:55] [Server thread/INFO]: [ChunkHolderManager] Halted I/O scheduler for world 'paradise'
[20:36:55] [Server thread/INFO]: Saving chunks for level 'ServerLevel[paradise_nether]'/minecraft:the_nether
[20:36:55] [Server thread/INFO]: [ChunkHolderManager] Waiting 60s for chunk system to halt for world 'paradise_nether'
[20:36:55] [Server thread/INFO]: [ChunkHolderManager] Halted chunk system for world 'paradise_nether'
[20:36:55] [Server thread/INFO]: [ChunkHolderManager] Saving all chunkholders for world 'paradise_nether'
[20:36:55] [Server thread/INFO]: [ChunkHolderManager] Saved 0 block chunks, 0 entity chunks, 0 poi chunks in world 'paradise_nether' in 0.00s
[20:36:55] [Server thread/INFO]: [ChunkHolderManager] Waiting 60s for chunk I/O to halt for world 'paradise_nether'
[20:36:55] [Server thread/INFO]: [ChunkHolderManager] Halted I/O scheduler for world 'paradise_nether'
[20:36:55] [Server thread/INFO]: Saving chunks for level 'ServerLevel[paradise_the_end]'/minecraft:the_end
[20:36:55] [Server thread/INFO]: [ChunkHolderManager] Waiting 60s for chunk system to halt for world 'paradise_the_end'
[20:36:55] [Server thread/INFO]: [ChunkHolderManager] Halted chunk system for world 'paradise_the_end'
[20:36:55] [Server thread/INFO]: [ChunkHolderManager] Saving all chunkholders for world 'paradise_the_end'
[20:36:55] [Server thread/INFO]: [ChunkHolderManager] Saved 0 block chunks, 0 entity chunks, 0 poi chunks in world 'paradise_the_end' in 0.00s
[20:36:55] [Server thread/INFO]: [ChunkHolderManager] Waiting 60s for chunk I/O to halt for world 'paradise_the_end'
[20:36:55] [Server thread/INFO]: [ChunkHolderManager] Halted I/O scheduler for world 'paradise_the_end'
[20:36:55] [Server thread/INFO]: ThreadedAnvilChunkStorage (paradise): All chunks are saved
[20:36:55] [Server thread/INFO]: ThreadedAnvilChunkStorage (DIM-1): All chunks are saved
[20:36:55] [Server thread/INFO]: ThreadedAnvilChunkStorage (DIM1): All chunks are saved
[20:36:55] [Server thread/INFO]: ThreadedAnvilChunkStorage: All dimensions are saved
[20:36:55] [Server thread/INFO]: Waiting for all RegionFile I/O tasks to complete...
[20:36:55] [Server thread/INFO]: All RegionFile I/O tasks to complete
[20:36:55] [Server thread/INFO]: [MoonriseCommon] Awaiting termination of worker pool for up to 60s...
[20:36:55] [Server thread/INFO]: [MoonriseCommon] Awaiting termination of I/O pool for up to 60s...
